<?xml version="1.0" encoding="UTF-8"?>
<!-- Generated by org.testng.reporters.JUnitReportReporter -->
<testsuite skipped="0" hostname="DESKTOP-H84TQ4F" name="com.demo.nopcommerce.testsuite.LoginTest" tests="2" failures="0" timestamp="11 Apr 2020 17:11:00 GMT" time="76.942" errors="0">
  <testcase name="verifyUserShouldNavigateToLoginPage" time="57.015" classname="com.demo.nopcommerce.testsuite.LoginTest"/>
  <testcase name="verifyUserShouldNavigateToLoginPage" time="19.927" classname="com.demo.nopcommerce.testsuite.LoginTest"/>
</testsuite> <!-- com.demo.nopcommerce.testsuite.LoginTest -->
